TN:
SF:src/adapters/openai.ts
FN:1,(empty-report)
FNF:1
FNH:0
FNDA:0,(empty-report)
DA:1,0
DA:5,0
DA:6,0
DA:7,0
DA:8,0
DA:10,0
DA:11,0
DA:12,0
DA:13,0
DA:14,0
DA:15,0
DA:16,0
LF:12
LH:0
BRDA:1,0,0,0
BRF:1
BRH:0
end_of_record
TN:
SF:src/core/audit.ts
FN:1,(empty-report)
FNF:1
FNH:1
FNDA:1,(empty-report)
DA:6,0
DA:7,0
DA:8,0
DA:9,0
DA:10,0
DA:11,0
DA:12,0
DA:13,0
DA:14,0
DA:16,0
DA:17,0
DA:18,0
DA:19,0
DA:20,0
LF:14
LH:0
BRDA:1,0,0,1
BRF:1
BRH:1
end_of_record
TN:
SF:src/core/context.ts
FN:3,<instance_members_initializer>
FN:5,add
FN:10,addSystem
FN:11,addUser
FN:12,addRag
FN:13,list
FN:15,context
FNF:7
FNH:7
FNDA:1,<instance_members_initializer>
FNDA:3,add
FNDA:1,addSystem
FNDA:1,addUser
FNDA:1,addRag
FNDA:2,list
FNDA:1,context
DA:3,1
DA:4,1
DA:5,1
DA:6,3
DA:7,3
DA:8,3
DA:9,3
DA:10,1
DA:11,1
DA:12,1
DA:13,1
DA:14,1
DA:15,1
LF:13
LH:13
BRDA:3,0,0,1
BRDA:5,1,0,3
BRDA:10,2,0,1
BRDA:10,3,0,0
BRDA:11,4,0,1
BRDA:11,5,0,0
BRDA:12,6,0,1
BRDA:12,7,0,0
BRDA:13,8,0,2
BRDA:15,9,0,1
BRF:10
BRH:7
end_of_record
TN:
SF:src/core/detector.ts
FN:4,spanViolations
FNF:1
FNH:1
FNDA:219,spanViolations
DA:1,1
DA:4,1
DA:5,219
DA:6,219
DA:7,219
DA:8,219
DA:9,219
LF:7
LH:7
BRDA:4,0,0,219
BRDA:6,1,0,861
BRDA:7,2,0,430
BRDA:7,3,0,13056
BRDA:7,4,0,0
BRDA:8,5,0,13056
BRDA:8,6,0,412
BRF:7
BRH:6
end_of_record
TN:
SF:src/core/guard.ts
FN:4,preflight
FN:17,streamGuard
FNF:2
FNH:1
FNDA:1,preflight
FNDA:0,streamGuard
DA:1,1
DA:4,1
DA:5,1
DA:6,1
DA:7,1
DA:8,3
DA:9,3
DA:10,3
DA:11,1
DA:12,1
DA:17,1
DA:18,0
DA:19,0
DA:20,0
DA:21,0
DA:22,0
DA:23,0
DA:24,0
LF:18
LH:11
BRDA:4,0,0,1
BRDA:5,1,0,0
BRDA:7,2,0,3
BRDA:9,3,0,1
BRF:4
BRH:3
end_of_record
TN:
SF:src/core/homoglyph.ts
FN:15,foldHomoglyphs
FNF:1
FNH:1
FNDA:523,foldHomoglyphs
DA:1,1
DA:2,1
DA:3,1
DA:4,1
DA:5,1
DA:6,1
DA:7,1
DA:8,1
DA:9,1
DA:10,1
DA:11,1
DA:12,1
DA:13,1
DA:14,1
DA:15,1
DA:16,523
DA:17,523
DA:18,523
LF:18
LH:18
BRDA:15,0,0,523
BRDA:17,1,0,352
BRDA:17,2,0,0
BRF:3
BRH:2
end_of_record
TN:
SF:src/core/normalizer.ts
FN:3,normalize
FNF:1
FNH:1
FNDA:523,normalize
DA:1,1
DA:3,1
DA:4,523
DA:5,523
DA:6,523
DA:7,523
LF:6
LH:6
BRDA:3,0,0,523
BRF:1
BRH:1
end_of_record
TN:
SF:src/core/renderer.ts
FN:3,fenceSpan
FN:9,compilePrompt
FNF:2
FNH:2
FNDA:3,fenceSpan
FNDA:1,compilePrompt
DA:3,1
DA:4,3
DA:5,3
DA:6,1
DA:7,1
DA:9,1
DA:10,1
DA:11,1
DA:12,3
DA:13,3
DA:14,3
DA:15,3
DA:16,1
DA:17,1
DA:18,1
DA:19,1
LF:16
LH:16
BRDA:3,0,0,3
BRDA:4,1,0,1
BRDA:4,2,0,2
BRDA:5,3,0,1
BRDA:9,4,0,1
BRDA:11,5,0,3
BRDA:13,6,0,0
BRDA:17,7,0,3
BRDA:17,8,0,3
BRF:9
BRH:8
end_of_record
TN:
SF:src/core/rules.ts
FN:2,defineRules
FNF:1
FNH:1
FNDA:9,defineRules
DA:2,1
LF:1
LH:1
BRDA:2,0,0,9
BRF:1
BRH:1
end_of_record
TN:
SF:src/core/types.ts
FN:1,(empty-report)
FNF:1
FNH:1
FNDA:1,(empty-report)
LF:0
LH:0
BRDA:1,0,0,1
BRF:1
BRH:1
end_of_record
TN:
SF:src/packs/de.ts
FNF:0
FNH:0
DA:1,1
DA:4,1
DA:5,1
DA:6,1
DA:7,1
DA:8,1
DA:9,1
DA:10,1
DA:11,1
DA:12,1
DA:13,1
DA:14,1
DA:15,1
DA:16,1
DA:17,1
DA:18,1
DA:19,1
DA:20,1
DA:21,1
DA:22,1
DA:23,1
DA:24,1
DA:25,1
DA:26,1
DA:27,1
DA:28,1
DA:29,1
DA:30,1
DA:31,1
DA:32,1
DA:33,1
DA:34,1
DA:35,1
DA:37,1
DA:38,1
DA:39,1
DA:40,1
DA:42,1
DA:43,1
DA:44,1
DA:45,1
DA:46,1
DA:47,1
DA:48,1
LF:44
LH:44
BRF:0
BRH:0
end_of_record
TN:
SF:src/packs/en.ts
FNF:0
FNH:0
DA:1,1
DA:4,1
DA:5,1
DA:6,1
DA:7,1
DA:8,1
DA:9,1
DA:10,1
DA:11,1
DA:12,1
DA:13,1
DA:14,1
DA:15,1
DA:16,1
DA:17,1
DA:18,1
DA:19,1
DA:20,1
DA:21,1
DA:22,1
DA:23,1
DA:24,1
DA:25,1
DA:26,1
DA:27,1
DA:28,1
DA:29,1
DA:30,1
DA:31,1
DA:33,1
DA:34,1
DA:35,1
DA:36,1
DA:38,1
DA:39,1
DA:40,1
DA:41,1
DA:42,1
DA:43,1
DA:44,1
LF:40
LH:40
BRF:0
BRH:0
end_of_record
TN:
SF:src/tools/auditedTool.ts
FN:1,(empty-report)
FNF:1
FNH:1
FNDA:1,(empty-report)
DA:3,0
DA:4,0
DA:5,0
DA:6,0
DA:7,0
DA:8,0
DA:9,0
DA:10,0
DA:11,0
DA:12,0
DA:13,0
DA:14,0
LF:12
LH:0
BRDA:1,0,0,1
BRF:1
BRH:1
end_of_record
